
=== Fri Jun 21 18:16:29 2019

Packages were changed.
Update Mode: updateDependencies

The following packages were added:
  com.unity.collab-proxy@1.2.16
  com.unity.timeline@1.0.0
  com.unity.multiplayer-hlapi@1.0.2
  com.unity.xr.legacyinputhelpers@2.0.2
The following packages were updated:
  com.unity.analytics from version 2.0.16 to 3.3.2
  com.unity.package-manager-ui from version 1.9.11 to 2.1.2
  com.unity.purchasing from version 2.0.3 to 2.0.6
  com.unity.textmeshpro from version 1.2.4 to 2.0.0

=== Sat Jun 22 16:58:23 2019

Packages were changed.
Update Mode: updateDependencies

The following packages were updated:
  com.unity.textmeshpro from version 2.0.0 to 2.0.1

=== Tue Jun  1 20:11:11 2021

Packages were changed.
Update Mode: updateDependencies

The following packages were added:
  com.unity.2d.sprite@1.0.0
  com.unity.2d.tilemap@1.0.0
  com.unity.ide.rider@1.1.4
  com.unity.ide.vscode@1.2.3
  com.unity.modules.androidjni@1.0.0
  com.unity.test-framework@1.1.22
  com.unity.ugui@1.0.0
The following packages were updated:
  com.unity.ads from version 2.0.8 to 3.6.1
  com.unity.analytics from version 3.3.2 to 3.3.5
  com.unity.multiplayer-hlapi from version 1.0.2 to 1.0.8
  com.unity.purchasing from version 2.0.6 to 2.2.2
  com.unity.timeline from version 1.0.0 to 1.2.18
  com.unity.xr.legacyinputhelpers from version 2.0.2 to 2.1.7
The following packages were removed:
  com.unity.package-manager-ui@2.1.2

=== Wed Oct 26 21:46:01 2022

Packages were changed.
Update Mode: updateDependencies

The following packages were added:
  com.unity.ide.visualstudio@2.0.15
The following packages were updated:
  com.unity.ads from version 3.6.1 to 3.7.5
  com.unity.analytics from version 3.3.5 to 3.6.12
  com.unity.collab-proxy from version 1.2.16 to 1.14.18
  com.unity.ide.rider from version 1.1.4 to 1.2.1
  com.unity.ide.vscode from version 1.2.3 to 1.2.5
  com.unity.purchasing from version 2.2.2 to 4.1.5
  com.unity.test-framework from version 1.1.22 to 1.1.31
  com.unity.textmeshpro from version 2.0.1 to 2.1.4
  com.unity.xr.legacyinputhelpers from version 2.1.7 to 2.1.9
